CLIENT_HANDSHAKE_TRAFFIC_SECRET d88d31bcc0d12de7f355db86091c53435a5303af5991679025ddaab02ef3e787 9964213609e26bdcb42503a2cfd6ac4fd5134ae6160f89a9c93b048f20b706f56241a82bb39f84c89ecb03157ef4b3e5
SERVER_HANDSHAKE_TRAFFIC_SECRET d88d31bcc0d12de7f355db86091c53435a5303af5991679025ddaab02ef3e787 2c36ec4800e45e2ba0f43f2f13acd395f5ef1b92c601499de8c6d74e586bda8d56369b2f74d8d6f0c20be62337e1c05a
EXPORTER_SECRET d88d31bcc0d12de7f355db86091c53435a5303af5991679025ddaab02ef3e787 5fa1f597b30ffa2a2f484eb9df6085a09217b3bc89d0c697316e12b0a829cb285d97ccac4c952ee1ce3fec4fd696cd93
CLIENT_TRAFFIC_SECRET_0 d88d31bcc0d12de7f355db86091c53435a5303af5991679025ddaab02ef3e787 b5aff5752ce866b0be9200e48729c4a022c54a6f27f548adbedbdf1ffadda2bead4939cb0d0b7c09d68ad6a523e495e2
SERVER_TRAFFIC_SECRET_0 d88d31bcc0d12de7f355db86091c53435a5303af5991679025ddaab02ef3e787 6291862fb406a88ab8e22b41ec56f866db452bc2edfa8191e97965832273fdbd6e117b4284ef121ad0f843942829d3a8
CLIENT_HANDSHAKE_TRAFFIC_SECRET a260fc7829ce803e889d9d1fd707fd7787a25eaad344de844b09050dca47c580 fb95269f1db27c9872948bd1b662bcc84115eb0e94a6c87f163bb6e38c0dfea1b8894aea8fbd443c86fb24b45029fc53
SERVER_HANDSHAKE_TRAFFIC_SECRET a260fc7829ce803e889d9d1fd707fd7787a25eaad344de844b09050dca47c580 335ca3045ab229ed8560f157a00dc453e57c8dedd877dfdc64a14170f7d405e24d599eba85ad10092c6bb02f4c72fc36
EXPORTER_SECRET a260fc7829ce803e889d9d1fd707fd7787a25eaad344de844b09050dca47c580 1d3d2e82f98bad8e35a04cf1a89b710b7a64a7086b9222a88c839aa277901f422de84c395ee6f11ae61f923b9288fe9a
CLIENT_TRAFFIC_SECRET_0 a260fc7829ce803e889d9d1fd707fd7787a25eaad344de844b09050dca47c580 3f400d207c71188134ea9a0634f408b450931ab785d51e48d2ef95a764156dbc25d035baf7200270d82cad3e243cecf7
SERVER_TRAFFIC_SECRET_0 a260fc7829ce803e889d9d1fd707fd7787a25eaad344de844b09050dca47c580 e64cf84ee013de3aa11fbfc366db7c453356e69b3a63b73dc3431cd134d5dea21041c0ca571a343a6de3648fa0253e7d
CLIENT_HANDSHAKE_TRAFFIC_SECRET e2b18112e77e95ba78af600c7de8a4d9b79c9da72f5b54836aa9648ef6f393ab 6ff1af545a2cff061124c11de5b9698c25086b5f9757b7d8f61563d6e677bf951ac6a8380658c7f3fd2fe8650973692d
SERVER_HANDSHAKE_TRAFFIC_SECRET e2b18112e77e95ba78af600c7de8a4d9b79c9da72f5b54836aa9648ef6f393ab a08b981d590d05923f0fefb50606c55e902f7479a1590a534259d2f41bf209ea2b44992238fa662b6e6d96fa2a26a31d
EXPORTER_SECRET e2b18112e77e95ba78af600c7de8a4d9b79c9da72f5b54836aa9648ef6f393ab 7ba2bb2a6921cae376651731300d79c74ea9e679a6df17fa2b76d5c41865124954d9ce6180c6dc6e3290c285c22e0d60
CLIENT_TRAFFIC_SECRET_0 e2b18112e77e95ba78af600c7de8a4d9b79c9da72f5b54836aa9648ef6f393ab 23b8d4e3cdcd8b46ef2fa0ebd96b0ec225e513cc13da9ce39df13d4ee6759651cca4195b83418df34752fc9de207e476
SERVER_TRAFFIC_SECRET_0 e2b18112e77e95ba78af600c7de8a4d9b79c9da72f5b54836aa9648ef6f393ab 21b1c41b6edc79e014653a8aa04255f742e32ca2aa4c0abb846adc79ed576a0930003c938b4707a718b30186b758ea47
CLIENT_HANDSHAKE_TRAFFIC_SECRET a8136b70ff76a01077d9d1bacffac686c5e75cfa6bf68106cb45a5998b2b0e6a 675eafbe900d0d1819eea48fcf792262efb2a5d8725fd3b8a81721741d709263c640708bb28c558232d74f38d3274791
SERVER_HANDSHAKE_TRAFFIC_SECRET a8136b70ff76a01077d9d1bacffac686c5e75cfa6bf68106cb45a5998b2b0e6a e16e52c132c1784b3394bbadbf2e8c578ddc4ab1f6563659a7eeff71402e459026b4239dffa6fc7fe645b620ea20640d
EXPORTER_SECRET a8136b70ff76a01077d9d1bacffac686c5e75cfa6bf68106cb45a5998b2b0e6a a0373d7b89a56d54b291e54f2fd471bd77c4df7f3a98e6a8b913d916b343e65c5530b86597218831a682baaac76b0a8a
CLIENT_TRAFFIC_SECRET_0 a8136b70ff76a01077d9d1bacffac686c5e75cfa6bf68106cb45a5998b2b0e6a 77d976aed82750a96436b29a04b98ab6a28bba9e9b32fb1da95376e7c205543db09e0f72e411e3892c4ed83d55f0b683
SERVER_TRAFFIC_SECRET_0 a8136b70ff76a01077d9d1bacffac686c5e75cfa6bf68106cb45a5998b2b0e6a 609a78f841469768bdcc00557eaef0246e079bc5d45cfcecab389e91678313ba669a1109ac8c998c7959c73612ae31db
